<?xml version="1.0" encoding="UTF-8"?>
<!-- Generated by org.testng.reporters.JUnitXMLReporter -->
<testsuite ignored="0" hostname="DESKTOP-V80DMFV" failures="0" tests="3" name="Default test" time="23.76" errors="0" timestamp="2022-08-13T17:43:45 PDT">
  <testcase classname="facebook.FacebookLoginTest" name="enterUserDetails" time="17.577"/>
  <testcase classname="facebook.FacebookLoginTest" name="forgotPassowrd" time="6.006"/>
  <testcase classname="facebook.FacebookLoginTest" name="searchUser" time="0.131"/>
</testsuite> <!-- Default test -->
