<?xml version="1.0" encoding="UTF-8"?>
<!-- Generated by org.testng.reporters.JUnitXMLReporter -->
<testsuite ignored="0" hostname="DESKTOP-V80DMFV" failures="1" tests="7" name="Test" time="35.541" errors="0" timestamp="2022-08-13T16:21:30 PDT">
  <testcase classname="facebook.FacebookLoginTest" name="enterUserDetails" time="17.055"/>
  <testcase classname="facebook.FacebookLoginTest" name="forgotPassowrd" time="1.141"/>
  <testcase classname="facebook.FacebookLoginTest" name="searchUser" time="0.298"/>
  <testcase classname="facebook.FacebookSearchPage" name="closeBrowser" time="0.002">
    <failure type="java.lang.NullPointerException" message="Cannot invoke &amp;quot;org.openqa.selenium.WebDriver.quit()&amp;quot; because &amp;quot;this.chdriver&amp;quot; is null">
      <![CDATA[java.lang.NullPointerException: Cannot invoke "org.openqa.selenium.WebDriver.quit()" because "this.chdriver" is null
at facebook.FacebookSearchPage.closeBrowser(FacebookSearchPage.java:18)
at java.base/java.util.ArrayList.forEach(ArrayList.java:1511)
... Removed 27 stack frames]]>
    </failure>
  </testcase> <!-- closeBrowser -->
  <testcase classname="facebook.FacebookLoginTest" name="enterUserDetails" time="15.573"/>
  <testcase classname="facebook.FacebookLoginTest" name="forgotPassowrd" time="1.115"/>
  <testcase classname="facebook.FacebookLoginTest" name="searchUser" time="0.292"/>
</testsuite> <!-- Test -->
