<?xml version="1.0" encoding="UTF-8"?>
<!-- Generated by org.testng.reporters.JUnitXMLReporter -->
<testsuite ignored="0" hostname="DESKTOP-V80DMFV" failures="0" tests="3" name="Test" time="25.16" errors="0" timestamp="2022-08-13T19:26:29 PDT">
  <testcase classname="facebook.FacebookLoginTest" name="enterUserDetails" time="18.45"/>
  <testcase classname="facebook.FacebookLoginTest" name="forgotPassowrd" time="6.54"/>
  <testcase classname="facebook.FacebookLoginTest" name="searchUser" time="0.127"/>
</testsuite> <!-- Test -->
