<?xml version="1.0" encoding="UTF-8"?>
<testng-results ignored="0" total="3" passed="3" failed="0" skipped="0">
  <reporter-output>
  </reporter-output>
  <suite started-at="2022-08-13T19:26:04 PDT" name="Suite" finished-at="2022-08-13T19:26:29 PDT" duration-ms="25160">
    <groups>
    </groups>
    <test started-at="2022-08-13T19:26:04 PDT" name="Test" finished-at="2022-08-13T19:26:29 PDT" duration-ms="25160">
      <class name="facebook.FacebookLoginTest">
        <test-method signature="enterUserDetails()[pri:1, instance:facebook.FacebookLoginTest@1725dc0f]" started-at="2022-08-13T19:26:04 PDT" name="enterUserDetails" finished-at="2022-08-13T19:26:22 PDT" duration-ms="18450" status="PASS">
          <reporter-output>
          </reporter-output>
        </test-method> <!-- enterUserDetails -->
        <test-method signature="forgotPassowrd()[pri:2, instance:facebook.FacebookLoginTest@1725dc0f]" started-at="2022-08-13T19:26:23 PDT" name="forgotPassowrd" finished-at="2022-08-13T19:26:29 PDT" duration-ms="6540" status="PASS">
          <reporter-output>
          </reporter-output>
        </test-method> <!-- forgotPassowrd -->
        <test-method signature="searchUser()[pri:3, instance:facebook.FacebookLoginTest@1725dc0f]" started-at="2022-08-13T19:26:29 PDT" name="searchUser" finished-at="2022-08-13T19:26:29 PDT" duration-ms="127" status="PASS">
          <reporter-output>
          </reporter-output>
        </test-method> <!-- searchUser -->
      </class> <!-- facebook.FacebookLoginTest -->
    </test> <!-- Test -->
  </suite> <!-- Suite -->
</testng-results>
