<?xml version="1.0" encoding="UTF-8"?>
<testng-results ignored="0" total="3" passed="3" failed="0" skipped="0">
  <reporter-output>
  </reporter-output>
  <suite started-at="2022-08-13T17:43:22 PDT" name="Default suite" finished-at="2022-08-13T17:43:45 PDT" duration-ms="23760">
    <groups>
    </groups>
    <test started-at="2022-08-13T17:43:22 PDT" name="Default test" finished-at="2022-08-13T17:43:45 PDT" duration-ms="23760">
      <class name="facebook.FacebookLoginTest">
        <test-method signature="enterUserDetails()[pri:1, instance:facebook.FacebookLoginTest@5562c41e]" started-at="2022-08-13T17:43:22 PDT" name="enterUserDetails" finished-at="2022-08-13T17:43:39 PDT" duration-ms="17577" status="PASS">
          <reporter-output>
          </reporter-output>
        </test-method> <!-- enterUserDetails -->
        <test-method signature="forgotPassowrd()[pri:2, instance:facebook.FacebookLoginTest@5562c41e]" started-at="2022-08-13T17:43:39 PDT" name="forgotPassowrd" finished-at="2022-08-13T17:43:45 PDT" duration-ms="6006" status="PASS">
          <reporter-output>
          </reporter-output>
        </test-method> <!-- forgotPassowrd -->
        <test-method signature="searchUser()[pri:3, instance:facebook.FacebookLoginTest@5562c41e]" started-at="2022-08-13T17:43:45 PDT" name="searchUser" finished-at="2022-08-13T17:43:45 PDT" duration-ms="131" status="PASS">
          <reporter-output>
          </reporter-output>
        </test-method> <!-- searchUser -->
      </class> <!-- facebook.FacebookLoginTest -->
    </test> <!-- Default test -->
  </suite> <!-- Default suite -->
</testng-results>
